e:\c and c++\gomoku_easyx\gomoku_easyx\x64\debug\vc143.pdb
e:\c and c++\gomoku_easyx\gomoku_easyx\x64\debug\vc143.idb
e:\c and c++\gomoku_easyx\gomoku_easyx\x64\debug\textbox_csdn.obj
e:\c and c++\gomoku_easyx\gomoku_easyx\x64\debug\textbox.obj
e:\c and c++\gomoku_easyx\gomoku_easyx\x64\debug\piece.obj
e:\c and c++\gomoku_easyx\gomoku_easyx\x64\debug\messagebox.obj
e:\c and c++\gomoku_easyx\gomoku_easyx\x64\debug\main.obj
e:\c and c++\gomoku_easyx\gomoku_easyx\x64\debug\kifu.obj
e:\c and c++\gomoku_easyx\gomoku_easyx\x64\debug\button.obj
e:\c and c++\gomoku_easyx\gomoku_easyx\x64\debug\board.obj
e:\c and c++\gomoku_easyx\x64\debug\gomoku_easyx.exe
e:\c and c++\gomoku_easyx\x64\debug\gomoku_easyx.pdb
e:\c and c++\gomoku_easyx\gomoku_easyx\x64\debug\gomoku_easyx.ilk
e:\c and c++\gomoku_easyx\gomoku_easyx\x64\debug\gomoku_easyx.tlog\cl.command.1.tlog
e:\c and c++\gomoku_easyx\gomoku_easyx\x64\debug\gomoku_easyx.tlog\cl.items.tlog
e:\c and c++\gomoku_easyx\gomoku_easyx\x64\debug\gomoku_easyx.tlog\cl.read.1.tlog
e:\c and c++\gomoku_easyx\gomoku_easyx\x64\debug\gomoku_easyx.tlog\cl.write.1.tlog
e:\c and c++\gomoku_easyx\gomoku_easyx\x64\debug\gomoku_easyx.tlog\link.command.1.tlog
e:\c and c++\gomoku_easyx\gomoku_easyx\x64\debug\gomoku_easyx.tlog\link.read.1.tlog
e:\c and c++\gomoku_easyx\gomoku_easyx\x64\debug\gomoku_easyx.tlog\link.secondary.1.tlog
e:\c and c++\gomoku_easyx\gomoku_easyx\x64\debug\gomoku_easyx.tlog\link.write.1.tlog
